BioNetGen version 2.9.2
Reading from file /Users/elymiller/Desktop/Current_Research/2025_NAU_FLU/USA_results/USA/Results/USA_gen25ind2/2026_01_26__08_59_47/USA_gen25ind2.bngl (level 0)
Read 15 parameters.
Read 4 molecule types.
Read 3 species.
Read 4 observable(s).
Read 2 functions.
Read 3 reaction rule(s).
ACTION: generate_network( USA_gen25ind2 )
Iteration   0:     3 species      0 rxns  0.00e+00 CPU s
Iteration   1:     4 species      3 rxns  0.00e+00 CPU s
Iteration   2:     4 species      3 rxns  0.00e+00 CPU s
Cumulative CPU time for each rule
Rule   1:     1 reactions 0.00e+00 CPU s 0.00e+00 CPU s/rxn
Rule   2:     1 reactions 0.00e+00 CPU s 0.00e+00 CPU s/rxn
Rule   3:     1 reactions 0.00e+00 CPU s 0.00e+00 CPU s/rxn
Total   :     3 reactions 0.00e+00 CPU s 0.00e+00 CPU s/rxn
Wrote network in net format to ./USA_gen25ind2.net.
CPU TIME: generate_network 0.00 s.
ACTION: simulate( method=>"cvode" )
TSTART:0
TEND:32
Network simulation using cvode
Wrote network in net format to ./USA_gen25ind2_US_cases.net.
Running run_network on Elys-MacBook-Air.local
full command: /Users/elymiller/opt/anaconda3/lib/python3.8/site-packages/bionetgen/bng-mac/bin/run_network -o ./USA_gen25ind2_US_cases -p cvode -a 1e-08 -r 1e-08 --cdat 1 --fdat 1 -g ./USA_gen25ind2_US_cases.net ./USA_gen25ind2_US_cases.net 1 32
[simulation PID is: 29281]
run_network 3.0
Activating functions output (to .gdat)
Read 16 parameters from ./USA_gen25ind2_US_cases.net
Read 4 species from ./USA_gen25ind2_US_cases.net
Read 4 group(s) from ./USA_gen25ind2_US_cases.net
Read 2 function(s) from ./USA_gen25ind2_US_cases.net
Found species with index 0 at line 31: assuming this is the null species.
Read 3 reaction(s) from ./USA_gen25ind2_US_cases.net
3 reaction(s) have nonzero rate
Initialization took 0.00 CPU seconds
Propagating with cvode using dense LU
Time course of concentrations written to file ./USA_gen25ind2_US_cases.cdat.
Time course of groups written to file ./USA_gen25ind2_US_cases.gdat.
Time course of functions written to file ./USA_gen25ind2_US_cases.gdat.
Propagation took 0.00e+00 CPU seconds
Program times:  0.00 CPU s 0.00 clock s
Updating species concentrations from ./USA_gen25ind2_US_cases.cdat
CPU TIME: simulate 0.02 s.
Finished processing file /Users/elymiller/Desktop/Current_Research/2025_NAU_FLU/USA_results/USA/Results/USA_gen25ind2/2026_01_26__08_59_47/USA_gen25ind2.bngl.
CPU TIME: total 0.02 s.